2025-01-30 21:59:02,595 Error converting key 'age' with value 'None' to <class 'int'>
2025-01-30 21:59:02,595 Error converting key 'p_war' with value 'None' to <class 'float'>
2025-01-30 21:59:02,595 Error converting key 'p_w' with value 'None' to <class 'int'>
2025-01-30 21:59:02,595 Error converting key 'p_l' with value 'None' to <class 'int'>
2025-01-30 21:59:02,595 Error converting key 'p_win_loss_perc' with value 'None' to <class 'float'>
2025-01-30 21:59:02,595 Error converting key 'p_earned_run_avg' with value 'None' to <class 'float'>
2025-01-30 21:59:02,595 Error converting key 'p_g' with value 'None' to <class 'int'>
2025-01-30 21:59:02,595 Error converting key 'p_gs' with value 'None' to <class 'int'>
2025-01-30 21:59:02,595 Error converting key 'p_gf' with value 'None' to <class 'int'>
2025-01-30 21:59:02,595 Error converting key 'p_cg' with value 'None' to <class 'int'>
2025-01-30 21:59:02,595 Error converting key 'p_sho' with value 'None' to <class 'int'>
2025-01-30 21:59:02,595 Error converting key 'p_sv' with value 'None' to <class 'int'>
2025-01-30 21:59:02,595 Error converting key 'p_ip' with value 'None' to <class 'float'>
2025-01-30 21:59:02,595 Error converting key 'p_h' with value 'None' to <class 'float'>
2025-01-30 21:59:02,595 Error converting key 'p_r' with value 'None' to <class 'float'>
2025-01-30 21:59:02,595 Error converting key 'p_er' with value 'None' to <class 'float'>
2025-01-30 21:59:02,595 Error converting key 'p_hr' with value 'None' to <class 'int'>
2025-01-30 21:59:02,595 Error converting key 'p_bb' with value 'None' to <class 'int'>
2025-01-30 21:59:02,595 Error converting key 'p_ibb' with value 'None' to <class 'int'>
2025-01-30 21:59:02,595 Error converting key 'p_so' with value 'None' to <class 'int'>
2025-01-30 21:59:02,595 Error converting key 'p_hbp' with value 'None' to <class 'int'>
2025-01-30 21:59:02,595 Error converting key 'p_bk' with value 'None' to <class 'int'>
2025-01-30 21:59:02,595 Error converting key 'p_wp' with value 'None' to <class 'int'>
2025-01-30 21:59:02,595 Error converting key 'p_bfp' with value 'None' to <class 'int'>
2025-01-30 21:59:02,595 Error converting key 'p_earned_run_avg_plus' with value 'None' to <class 'int'>
2025-01-30 21:59:02,595 Error converting key 'p_fip' with value 'None' to <class 'float'>
2025-01-30 21:59:02,595 Error converting key 'p_whip' with value 'None' to <class 'float'>
2025-01-30 21:59:02,595 Error converting key 'p_hits_per_nine' with value 'None' to <class 'float'>
2025-01-30 21:59:02,595 Error converting key 'p_hr_per_nine' with value 'None' to <class 'float'>
2025-01-30 21:59:02,595 Error converting key 'p_bb_per_nine' with value 'None' to <class 'float'>
2025-01-30 21:59:02,595 Error converting key 'p_so_per_nine' with value 'None' to <class 'float'>
2025-01-30 21:59:02,595 Error converting key 'p_strikeouts_per_base_on_balls' with value 'None' to <class 'float'>
2025-01-30 21:59:02,595 Error converting key 'age' with value 'None' to <class 'int'>
2025-01-30 21:59:02,595 Error converting key 'p_war' with value 'None' to <class 'float'>
2025-01-30 21:59:02,595 Error converting key 'p_w' with value 'None' to <class 'int'>
2025-01-30 21:59:02,595 Error converting key 'p_l' with value 'None' to <class 'int'>
2025-01-30 21:59:02,595 Error converting key 'p_win_loss_perc' with value 'None' to <class 'float'>
2025-01-30 21:59:02,595 Error converting key 'p_earned_run_avg' with value 'None' to <class 'float'>
2025-01-30 21:59:02,595 Error converting key 'p_g' with value 'None' to <class 'int'>
2025-01-30 21:59:02,595 Error converting key 'p_gs' with value 'None' to <class 'int'>
2025-01-30 21:59:02,595 Error converting key 'p_gf' with value 'None' to <class 'int'>
2025-01-30 21:59:02,595 Error converting key 'p_cg' with value 'None' to <class 'int'>
2025-01-30 21:59:02,595 Error converting key 'p_sho' with value 'None' to <class 'int'>
2025-01-30 21:59:02,595 Error converting key 'p_sv' with value 'None' to <class 'int'>
2025-01-30 21:59:02,595 Error converting key 'p_ip' with value 'None' to <class 'float'>
2025-01-30 21:59:02,595 Error converting key 'p_h' with value 'None' to <class 'float'>
2025-01-30 21:59:02,595 Error converting key 'p_r' with value 'None' to <class 'float'>
2025-01-30 21:59:02,595 Error converting key 'p_er' with value 'None' to <class 'float'>
2025-01-30 21:59:02,595 Error converting key 'p_hr' with value 'None' to <class 'int'>
2025-01-30 21:59:02,595 Error converting key 'p_bb' with value 'None' to <class 'int'>
2025-01-30 21:59:02,595 Error converting key 'p_ibb' with value 'None' to <class 'int'>
2025-01-30 21:59:02,595 Error converting key 'p_so' with value 'None' to <class 'int'>
2025-01-30 21:59:02,595 Error converting key 'p_hbp' with value 'None' to <class 'int'>
2025-01-30 21:59:02,595 Error converting key 'p_bk' with value 'None' to <class 'int'>
2025-01-30 21:59:02,595 Error converting key 'p_wp' with value 'None' to <class 'int'>
2025-01-30 21:59:02,595 Error converting key 'p_bfp' with value 'None' to <class 'int'>
2025-01-30 21:59:02,595 Error converting key 'p_earned_run_avg_plus' with value 'None' to <class 'int'>
2025-01-30 21:59:02,595 Error converting key 'p_fip' with value 'None' to <class 'float'>
2025-01-30 21:59:02,595 Error converting key 'p_whip' with value 'None' to <class 'float'>
2025-01-30 21:59:02,595 Error converting key 'p_hits_per_nine' with value 'None' to <class 'float'>
2025-01-30 21:59:02,595 Error converting key 'p_hr_per_nine' with value 'None' to <class 'float'>
2025-01-30 21:59:02,595 Error converting key 'p_bb_per_nine' with value 'None' to <class 'float'>
2025-01-30 21:59:02,595 Error converting key 'p_so_per_nine' with value 'None' to <class 'float'>
2025-01-30 21:59:02,595 Error converting key 'p_strikeouts_per_base_on_balls' with value 'None' to <class 'float'>
2025-01-30 21:59:02,595 Error converting key 'age' with value 'None' to <class 'int'>
2025-01-30 21:59:02,595 Error converting key 'p_war' with value 'None' to <class 'float'>
2025-01-30 21:59:02,595 Error converting key 'p_w' with value 'None' to <class 'int'>
2025-01-30 21:59:02,595 Error converting key 'p_l' with value 'None' to <class 'int'>
2025-01-30 21:59:02,595 Error converting key 'p_win_loss_perc' with value 'None' to <class 'float'>
2025-01-30 21:59:02,595 Error converting key 'p_earned_run_avg' with value 'None' to <class 'float'>
2025-01-30 21:59:02,595 Error converting key 'p_g' with value 'None' to <class 'int'>
2025-01-30 21:59:02,595 Error converting key 'p_gs' with value 'None' to <class 'int'>
2025-01-30 21:59:02,595 Error converting key 'p_gf' with value 'None' to <class 'int'>
2025-01-30 21:59:02,595 Error converting key 'p_cg' with value 'None' to <class 'int'>
2025-01-30 21:59:02,595 Error converting key 'p_sho' with value 'None' to <class 'int'>
2025-01-30 21:59:02,595 Error converting key 'p_sv' with value 'None' to <class 'int'>
2025-01-30 21:59:02,595 Error converting key 'p_ip' with value 'None' to <class 'float'>
2025-01-30 21:59:02,595 Error converting key 'p_h' with value 'None' to <class 'float'>
2025-01-30 21:59:02,595 Error converting key 'p_r' with value 'None' to <class 'float'>
2025-01-30 21:59:02,595 Error converting key 'p_er' with value 'None' to <class 'float'>
2025-01-30 21:59:02,595 Error converting key 'p_hr' with value 'None' to <class 'int'>
2025-01-30 21:59:02,595 Error converting key 'p_bb' with value 'None' to <class 'int'>
2025-01-30 21:59:02,595 Error converting key 'p_ibb' with value 'None' to <class 'int'>
2025-01-30 21:59:02,595 Error converting key 'p_so' with value 'None' to <class 'int'>
2025-01-30 21:59:02,595 Error converting key 'p_hbp' with value 'None' to <class 'int'>
2025-01-30 21:59:02,595 Error converting key 'p_bk' with value 'None' to <class 'int'>
2025-01-30 21:59:02,595 Error converting key 'p_wp' with value 'None' to <class 'int'>
2025-01-30 21:59:02,595 Error converting key 'p_bfp' with value 'None' to <class 'int'>
2025-01-30 21:59:02,595 Error converting key 'p_earned_run_avg_plus' with value 'None' to <class 'int'>
2025-01-30 21:59:02,595 Error converting key 'p_fip' with value 'None' to <class 'float'>
2025-01-30 21:59:02,595 Error converting key 'p_whip' with value 'None' to <class 'float'>
2025-01-30 21:59:02,595 Error converting key 'p_hits_per_nine' with value 'None' to <class 'float'>
2025-01-30 21:59:02,595 Error converting key 'p_hr_per_nine' with value 'None' to <class 'float'>
2025-01-30 21:59:02,595 Error converting key 'p_bb_per_nine' with value 'None' to <class 'float'>
2025-01-30 21:59:02,595 Error converting key 'p_so_per_nine' with value 'None' to <class 'float'>
2025-01-30 21:59:02,595 Error converting key 'p_strikeouts_per_base_on_balls' with value 'None' to <class 'float'>
2025-01-30 21:59:02,595 Error converting key 'age' with value 'None' to <class 'int'>
2025-01-30 21:59:02,595 Error converting key 'p_war' with value 'None' to <class 'float'>
2025-01-30 21:59:02,595 Error converting key 'p_w' with value 'None' to <class 'int'>
2025-01-30 21:59:02,595 Error converting key 'p_l' with value 'None' to <class 'int'>
2025-01-30 21:59:02,595 Error converting key 'p_win_loss_perc' with value 'None' to <class 'float'>
2025-01-30 21:59:02,595 Error converting key 'p_earned_run_avg' with value 'None' to <class 'float'>
2025-01-30 21:59:02,595 Error converting key 'p_g' with value 'None' to <class 'int'>
2025-01-30 21:59:02,595 Error converting key 'p_gs' with value 'None' to <class 'int'>
2025-01-30 21:59:02,595 Error converting key 'p_gf' with value 'None' to <class 'int'>
2025-01-30 21:59:02,595 Error converting key 'p_cg' with value 'None' to <class 'int'>
2025-01-30 21:59:02,595 Error converting key 'p_sho' with value 'None' to <class 'int'>
2025-01-30 21:59:02,595 Error converting key 'p_sv' with value 'None' to <class 'int'>
2025-01-30 21:59:02,595 Error converting key 'p_ip' with value 'None' to <class 'float'>
2025-01-30 21:59:02,595 Error converting key 'p_h' with value 'None' to <class 'float'>
2025-01-30 21:59:02,595 Error converting key 'p_r' with value 'None' to <class 'float'>
2025-01-30 21:59:02,595 Error converting key 'p_er' with value 'None' to <class 'float'>
2025-01-30 21:59:02,595 Error converting key 'p_hr' with value 'None' to <class 'int'>
2025-01-30 21:59:02,610 Error converting key 'p_bb' with value 'None' to <class 'int'>
2025-01-30 21:59:02,610 Error converting key 'p_ibb' with value 'None' to <class 'int'>
2025-01-30 21:59:02,610 Error converting key 'p_so' with value 'None' to <class 'int'>
2025-01-30 21:59:02,610 Error converting key 'p_hbp' with value 'None' to <class 'int'>
2025-01-30 21:59:02,610 Error converting key 'p_bk' with value 'None' to <class 'int'>
2025-01-30 21:59:02,610 Error converting key 'p_wp' with value 'None' to <class 'int'>
2025-01-30 21:59:02,610 Error converting key 'p_bfp' with value 'None' to <class 'int'>
2025-01-30 21:59:02,610 Error converting key 'p_earned_run_avg_plus' with value 'None' to <class 'int'>
2025-01-30 21:59:02,610 Error converting key 'p_fip' with value 'None' to <class 'float'>
2025-01-30 21:59:02,610 Error converting key 'p_whip' with value 'None' to <class 'float'>
2025-01-30 21:59:02,610 Error converting key 'p_hits_per_nine' with value 'None' to <class 'float'>
2025-01-30 21:59:02,610 Error converting key 'p_hr_per_nine' with value 'None' to <class 'float'>
2025-01-30 21:59:02,610 Error converting key 'p_bb_per_nine' with value 'None' to <class 'float'>
2025-01-30 21:59:02,610 Error converting key 'p_so_per_nine' with value 'None' to <class 'float'>
2025-01-30 21:59:02,610 Error converting key 'p_strikeouts_per_base_on_balls' with value 'None' to <class 'float'>
2025-01-30 21:59:02,610 Error converting key 'age' with value 'None' to <class 'int'>
2025-01-30 21:59:02,610 Error converting key 'b_war' with value 'None' to <class 'float'>
2025-01-30 21:59:02,610 Error converting key 'b_games' with value 'None' to <class 'int'>
2025-01-30 21:59:02,610 Error converting key 'b_pa' with value 'None' to <class 'int'>
2025-01-30 21:59:02,610 Error converting key 'b_ab' with value 'None' to <class 'int'>
2025-01-30 21:59:02,610 Error converting key 'b_r' with value 'None' to <class 'int'>
2025-01-30 21:59:02,610 Error converting key 'b_h' with value 'None' to <class 'int'>
2025-01-30 21:59:02,610 Error converting key 'b_doubles' with value 'None' to <class 'int'>
2025-01-30 21:59:02,610 Error converting key 'b_triples' with value 'None' to <class 'int'>
2025-01-30 21:59:02,610 Error converting key 'b_hr' with value 'None' to <class 'int'>
2025-01-30 21:59:02,610 Error converting key 'b_rbi' with value 'None' to <class 'int'>
2025-01-30 21:59:02,610 Error converting key 'b_sb' with value 'None' to <class 'int'>
2025-01-30 21:59:02,610 Error converting key 'b_cs' with value 'None' to <class 'int'>
2025-01-30 21:59:02,610 Error converting key 'b_bb' with value 'None' to <class 'int'>
2025-01-30 21:59:02,610 Error converting key 'b_so' with value 'None' to <class 'int'>
2025-01-30 21:59:02,610 Error converting key 'b_batting_avg' with value 'None' to <class 'float'>
2025-01-30 21:59:02,610 Error converting key 'b_onbase_perc' with value 'None' to <class 'float'>
2025-01-30 21:59:02,610 Error converting key 'b_slugging_perc' with value 'None' to <class 'float'>
2025-01-30 21:59:02,610 Error converting key 'b_onbase_plus_slugging' with value 'None' to <class 'float'>
2025-01-30 21:59:02,610 Error converting key 'b_onbase_plus_slugging_plus' with value 'None' to <class 'int'>
2025-01-30 21:59:02,610 Error converting key 'b_roba' with value 'None' to <class 'float'>
2025-01-30 21:59:02,610 Error converting key 'b_rbat_plus' with value 'None' to <class 'int'>
2025-01-30 21:59:02,610 Error converting key 'b_tb' with value 'None' to <class 'int'>
2025-01-30 21:59:02,610 Error converting key 'b_gidp' with value 'None' to <class 'int'>
2025-01-30 21:59:02,610 Error converting key 'b_hbp' with value 'None' to <class 'int'>
2025-01-30 21:59:02,610 Error converting key 'b_sh' with value 'None' to <class 'int'>
2025-01-30 21:59:02,610 Error converting key 'b_sf' with value 'None' to <class 'int'>
2025-01-30 21:59:02,610 Error converting key 'b_ibb' with value 'None' to <class 'int'>
2025-01-30 21:59:02,610 Error converting key 'age' with value 'None' to <class 'int'>
2025-01-30 21:59:02,610 Error converting key 'p_war' with value 'None' to <class 'float'>
2025-01-30 21:59:02,610 Error converting key 'p_w' with value 'None' to <class 'int'>
2025-01-30 21:59:02,610 Error converting key 'p_l' with value 'None' to <class 'int'>
2025-01-30 21:59:02,610 Error converting key 'p_win_loss_perc' with value 'None' to <class 'float'>
2025-01-30 21:59:02,610 Error converting key 'p_earned_run_avg' with value 'None' to <class 'float'>
2025-01-30 21:59:02,610 Error converting key 'p_g' with value 'None' to <class 'int'>
2025-01-30 21:59:02,610 Error converting key 'p_gs' with value 'None' to <class 'int'>
2025-01-30 21:59:02,610 Error converting key 'p_gf' with value 'None' to <class 'int'>
2025-01-30 21:59:02,610 Error converting key 'p_cg' with value 'None' to <class 'int'>
2025-01-30 21:59:02,610 Error converting key 'p_sho' with value 'None' to <class 'int'>
2025-01-30 21:59:02,610 Error converting key 'p_sv' with value 'None' to <class 'int'>
2025-01-30 21:59:02,610 Error converting key 'p_ip' with value 'None' to <class 'float'>
2025-01-30 21:59:02,610 Error converting key 'p_h' with value 'None' to <class 'float'>
2025-01-30 21:59:02,610 Error converting key 'p_r' with value 'None' to <class 'float'>
2025-01-30 21:59:02,610 Error converting key 'p_er' with value 'None' to <class 'float'>
2025-01-30 21:59:02,610 Error converting key 'p_hr' with value 'None' to <class 'int'>
2025-01-30 21:59:02,610 Error converting key 'p_bb' with value 'None' to <class 'int'>
2025-01-30 21:59:02,610 Error converting key 'p_ibb' with value 'None' to <class 'int'>
2025-01-30 21:59:02,610 Error converting key 'p_so' with value 'None' to <class 'int'>
2025-01-30 21:59:02,610 Error converting key 'p_hbp' with value 'None' to <class 'int'>
2025-01-30 21:59:02,610 Error converting key 'p_bk' with value 'None' to <class 'int'>
2025-01-30 21:59:02,610 Error converting key 'p_wp' with value 'None' to <class 'int'>
2025-01-30 21:59:02,610 Error converting key 'p_bfp' with value 'None' to <class 'int'>
2025-01-30 21:59:02,610 Error converting key 'p_earned_run_avg_plus' with value 'None' to <class 'int'>
2025-01-30 21:59:02,610 Error converting key 'p_fip' with value 'None' to <class 'float'>
2025-01-30 21:59:02,610 Error converting key 'p_whip' with value 'None' to <class 'float'>
2025-01-30 21:59:02,610 Error converting key 'p_hits_per_nine' with value 'None' to <class 'float'>
2025-01-30 21:59:02,610 Error converting key 'p_hr_per_nine' with value 'None' to <class 'float'>
2025-01-30 21:59:02,610 Error converting key 'p_bb_per_nine' with value 'None' to <class 'float'>
2025-01-30 21:59:02,610 Error converting key 'p_so_per_nine' with value 'None' to <class 'float'>
2025-01-30 21:59:02,610 Error converting key 'p_strikeouts_per_base_on_balls' with value 'None' to <class 'float'>
2025-01-30 21:59:02,610 Error converting key 'age' with value 'None' to <class 'int'>
2025-01-30 21:59:02,610 Error converting key 'p_war' with value 'None' to <class 'float'>
2025-01-30 21:59:02,610 Error converting key 'p_w' with value 'None' to <class 'int'>
2025-01-30 21:59:02,610 Error converting key 'p_l' with value 'None' to <class 'int'>
2025-01-30 21:59:02,610 Error converting key 'p_win_loss_perc' with value 'None' to <class 'float'>
2025-01-30 21:59:02,610 Error converting key 'p_earned_run_avg' with value 'None' to <class 'float'>
2025-01-30 21:59:02,610 Error converting key 'p_g' with value 'None' to <class 'int'>
2025-01-30 21:59:02,610 Error converting key 'p_gs' with value 'None' to <class 'int'>
2025-01-30 21:59:02,610 Error converting key 'p_gf' with value 'None' to <class 'int'>
2025-01-30 21:59:02,610 Error converting key 'p_cg' with value 'None' to <class 'int'>
2025-01-30 21:59:02,610 Error converting key 'p_sho' with value 'None' to <class 'int'>
2025-01-30 21:59:02,610 Error converting key 'p_sv' with value 'None' to <class 'int'>
2025-01-30 21:59:02,610 Error converting key 'p_ip' with value 'None' to <class 'float'>
2025-01-30 21:59:02,610 Error converting key 'p_h' with value 'None' to <class 'float'>
2025-01-30 21:59:02,610 Error converting key 'p_r' with value 'None' to <class 'float'>
2025-01-30 21:59:02,610 Error converting key 'p_er' with value 'None' to <class 'float'>
2025-01-30 21:59:02,610 Error converting key 'p_hr' with value 'None' to <class 'int'>
2025-01-30 21:59:02,610 Error converting key 'p_bb' with value 'None' to <class 'int'>
2025-01-30 21:59:02,610 Error converting key 'p_ibb' with value 'None' to <class 'int'>
2025-01-30 21:59:02,610 Error converting key 'p_so' with value 'None' to <class 'int'>
2025-01-30 21:59:02,610 Error converting key 'p_hbp' with value 'None' to <class 'int'>
2025-01-30 21:59:02,610 Error converting key 'p_bk' with value 'None' to <class 'int'>
2025-01-30 21:59:02,610 Error converting key 'p_wp' with value 'None' to <class 'int'>
2025-01-30 21:59:02,610 Error converting key 'p_bfp' with value 'None' to <class 'int'>
2025-01-30 21:59:02,610 Error converting key 'p_earned_run_avg_plus' with value 'None' to <class 'int'>
2025-01-30 21:59:02,610 Error converting key 'p_fip' with value 'None' to <class 'float'>
2025-01-30 21:59:02,610 Error converting key 'p_whip' with value 'None' to <class 'float'>
2025-01-30 21:59:02,610 Error converting key 'p_hits_per_nine' with value 'None' to <class 'float'>
2025-01-30 21:59:02,610 Error converting key 'p_hr_per_nine' with value 'None' to <class 'float'>
2025-01-30 21:59:02,610 Error converting key 'p_bb_per_nine' with value 'None' to <class 'float'>
2025-01-30 21:59:02,610 Error converting key 'p_so_per_nine' with value 'None' to <class 'float'>
2025-01-30 21:59:02,610 Error converting key 'p_strikeouts_per_base_on_balls' with value 'None' to <class 'float'>
2025-01-30 21:59:02,610 Error converting key 'age' with value 'None' to <class 'int'>
2025-01-30 21:59:02,610 Error converting key 'p_war' with value 'None' to <class 'float'>
2025-01-30 21:59:02,610 Error converting key 'p_w' with value 'None' to <class 'int'>
2025-01-30 21:59:02,610 Error converting key 'p_l' with value 'None' to <class 'int'>
2025-01-30 21:59:02,610 Error converting key 'p_win_loss_perc' with value 'None' to <class 'float'>
2025-01-30 21:59:02,610 Error converting key 'p_earned_run_avg' with value 'None' to <class 'float'>
2025-01-30 21:59:02,610 Error converting key 'p_g' with value 'None' to <class 'int'>
2025-01-30 21:59:02,610 Error converting key 'p_gs' with value 'None' to <class 'int'>
2025-01-30 21:59:02,610 Error converting key 'p_gf' with value 'None' to <class 'int'>
2025-01-30 21:59:02,610 Error converting key 'p_cg' with value 'None' to <class 'int'>
2025-01-30 21:59:02,610 Error converting key 'p_sho' with value 'None' to <class 'int'>
2025-01-30 21:59:02,610 Error converting key 'p_sv' with value 'None' to <class 'int'>
2025-01-30 21:59:02,610 Error converting key 'p_ip' with value 'None' to <class 'float'>
2025-01-30 21:59:02,610 Error converting key 'p_h' with value 'None' to <class 'float'>
2025-01-30 21:59:02,610 Error converting key 'p_r' with value 'None' to <class 'float'>
2025-01-30 21:59:02,610 Error converting key 'p_er' with value 'None' to <class 'float'>
2025-01-30 21:59:02,610 Error converting key 'p_hr' with value 'None' to <class 'int'>
2025-01-30 21:59:02,610 Error converting key 'p_bb' with value 'None' to <class 'int'>
2025-01-30 21:59:02,610 Error converting key 'p_ibb' with value 'None' to <class 'int'>
2025-01-30 21:59:02,610 Error converting key 'p_so' with value 'None' to <class 'int'>
2025-01-30 21:59:02,610 Error converting key 'p_hbp' with value 'None' to <class 'int'>
2025-01-30 21:59:02,610 Error converting key 'p_bk' with value 'None' to <class 'int'>
2025-01-30 21:59:02,610 Error converting key 'p_wp' with value 'None' to <class 'int'>
2025-01-30 21:59:02,610 Error converting key 'p_bfp' with value 'None' to <class 'int'>
2025-01-30 21:59:02,610 Error converting key 'p_earned_run_avg_plus' with value 'None' to <class 'int'>
2025-01-30 21:59:02,610 Error converting key 'p_fip' with value 'None' to <class 'float'>
2025-01-30 21:59:02,610 Error converting key 'p_whip' with value 'None' to <class 'float'>
2025-01-30 21:59:02,610 Error converting key 'p_hits_per_nine' with value 'None' to <class 'float'>
2025-01-30 21:59:02,610 Error converting key 'p_hr_per_nine' with value 'None' to <class 'float'>
2025-01-30 21:59:02,610 Error converting key 'p_bb_per_nine' with value 'None' to <class 'float'>
2025-01-30 21:59:02,610 Error converting key 'p_so_per_nine' with value 'None' to <class 'float'>
2025-01-30 21:59:02,610 Error converting key 'p_strikeouts_per_base_on_balls' with value 'None' to <class 'float'>
2025-01-30 21:59:02,610 Error converting key 'age' with value 'None' to <class 'int'>
2025-01-30 21:59:02,610 Error converting key 'p_war' with value 'None' to <class 'float'>
2025-01-30 21:59:02,610 Error converting key 'p_w' with value 'None' to <class 'int'>
2025-01-30 21:59:02,610 Error converting key 'p_l' with value 'None' to <class 'int'>
2025-01-30 21:59:02,626 Error converting key 'p_win_loss_perc' with value 'None' to <class 'float'>
2025-01-30 21:59:02,626 Error converting key 'p_earned_run_avg' with value 'None' to <class 'float'>
2025-01-30 21:59:02,626 Error converting key 'p_g' with value 'None' to <class 'int'>
2025-01-30 21:59:02,626 Error converting key 'p_gs' with value 'None' to <class 'int'>
2025-01-30 21:59:02,626 Error converting key 'p_gf' with value 'None' to <class 'int'>
2025-01-30 21:59:02,626 Error converting key 'p_cg' with value 'None' to <class 'int'>
2025-01-30 21:59:02,626 Error converting key 'p_sho' with value 'None' to <class 'int'>
2025-01-30 21:59:02,626 Error converting key 'p_sv' with value 'None' to <class 'int'>
2025-01-30 21:59:02,626 Error converting key 'p_ip' with value 'None' to <class 'float'>
2025-01-30 21:59:02,626 Error converting key 'p_h' with value 'None' to <class 'float'>
2025-01-30 21:59:02,626 Error converting key 'p_r' with value 'None' to <class 'float'>
2025-01-30 21:59:02,626 Error converting key 'p_er' with value 'None' to <class 'float'>
2025-01-30 21:59:02,626 Error converting key 'p_hr' with value 'None' to <class 'int'>
2025-01-30 21:59:02,626 Error converting key 'p_bb' with value 'None' to <class 'int'>
2025-01-30 21:59:02,626 Error converting key 'p_ibb' with value 'None' to <class 'int'>
2025-01-30 21:59:02,626 Error converting key 'p_so' with value 'None' to <class 'int'>
2025-01-30 21:59:02,626 Error converting key 'p_hbp' with value 'None' to <class 'int'>
2025-01-30 21:59:02,626 Error converting key 'p_bk' with value 'None' to <class 'int'>
2025-01-30 21:59:02,626 Error converting key 'p_wp' with value 'None' to <class 'int'>
2025-01-30 21:59:02,626 Error converting key 'p_bfp' with value 'None' to <class 'int'>
2025-01-30 21:59:02,626 Error converting key 'p_earned_run_avg_plus' with value 'None' to <class 'int'>
2025-01-30 21:59:02,626 Error converting key 'p_fip' with value 'None' to <class 'float'>
2025-01-30 21:59:02,626 Error converting key 'p_whip' with value 'None' to <class 'float'>
2025-01-30 21:59:02,626 Error converting key 'p_hits_per_nine' with value 'None' to <class 'float'>
2025-01-30 21:59:02,626 Error converting key 'p_hr_per_nine' with value 'None' to <class 'float'>
2025-01-30 21:59:02,626 Error converting key 'p_bb_per_nine' with value 'None' to <class 'float'>
2025-01-30 21:59:02,626 Error converting key 'p_so_per_nine' with value 'None' to <class 'float'>
2025-01-30 21:59:02,626 Error converting key 'p_strikeouts_per_base_on_balls' with value 'None' to <class 'float'>
2025-01-30 21:59:02,626 Error converting key 'age' with value 'None' to <class 'int'>
2025-01-30 21:59:02,626 Error converting key 'b_war' with value 'None' to <class 'float'>
2025-01-30 21:59:02,626 Error converting key 'b_games' with value 'None' to <class 'int'>
2025-01-30 21:59:02,626 Error converting key 'b_pa' with value 'None' to <class 'int'>
2025-01-30 21:59:02,626 Error converting key 'b_ab' with value 'None' to <class 'int'>
2025-01-30 21:59:02,626 Error converting key 'b_r' with value 'None' to <class 'int'>
2025-01-30 21:59:02,626 Error converting key 'b_h' with value 'None' to <class 'int'>
2025-01-30 21:59:02,626 Error converting key 'b_doubles' with value 'None' to <class 'int'>
2025-01-30 21:59:02,626 Error converting key 'b_triples' with value 'None' to <class 'int'>
2025-01-30 21:59:02,626 Error converting key 'b_hr' with value 'None' to <class 'int'>
2025-01-30 21:59:02,626 Error converting key 'b_rbi' with value 'None' to <class 'int'>
2025-01-30 21:59:02,626 Error converting key 'b_sb' with value 'None' to <class 'int'>
2025-01-30 21:59:02,626 Error converting key 'b_cs' with value 'None' to <class 'int'>
2025-01-30 21:59:02,626 Error converting key 'b_bb' with value 'None' to <class 'int'>
2025-01-30 21:59:02,626 Error converting key 'b_so' with value 'None' to <class 'int'>
2025-01-30 21:59:02,626 Error converting key 'b_batting_avg' with value 'None' to <class 'float'>
2025-01-30 21:59:02,626 Error converting key 'b_onbase_perc' with value 'None' to <class 'float'>
2025-01-30 21:59:02,626 Error converting key 'b_slugging_perc' with value 'None' to <class 'float'>
2025-01-30 21:59:02,626 Error converting key 'b_onbase_plus_slugging' with value 'None' to <class 'float'>
2025-01-30 21:59:02,626 Error converting key 'b_onbase_plus_slugging_plus' with value 'None' to <class 'int'>
2025-01-30 21:59:02,626 Error converting key 'b_roba' with value 'None' to <class 'float'>
2025-01-30 21:59:02,626 Error converting key 'b_rbat_plus' with value 'None' to <class 'int'>
2025-01-30 21:59:02,626 Error converting key 'b_tb' with value 'None' to <class 'int'>
2025-01-30 21:59:02,626 Error converting key 'b_gidp' with value 'None' to <class 'int'>
2025-01-30 21:59:02,626 Error converting key 'b_hbp' with value 'None' to <class 'int'>
2025-01-30 21:59:02,626 Error converting key 'b_sh' with value 'None' to <class 'int'>
2025-01-30 21:59:02,626 Error converting key 'b_sf' with value 'None' to <class 'int'>
2025-01-30 21:59:02,626 Error converting key 'b_ibb' with value 'None' to <class 'int'>
2025-01-30 21:59:02,626 Error converting key 'age' with value 'None' to <class 'int'>
2025-01-30 21:59:02,626 Error converting key 'p_war' with value 'None' to <class 'float'>
2025-01-30 21:59:02,626 Error converting key 'p_w' with value 'None' to <class 'int'>
2025-01-30 21:59:02,626 Error converting key 'p_l' with value 'None' to <class 'int'>
2025-01-30 21:59:02,626 Error converting key 'p_win_loss_perc' with value 'None' to <class 'float'>
2025-01-30 21:59:02,626 Error converting key 'p_earned_run_avg' with value 'None' to <class 'float'>
2025-01-30 21:59:02,626 Error converting key 'p_g' with value 'None' to <class 'int'>
2025-01-30 21:59:02,626 Error converting key 'p_gs' with value 'None' to <class 'int'>
2025-01-30 21:59:02,626 Error converting key 'p_gf' with value 'None' to <class 'int'>
2025-01-30 21:59:02,626 Error converting key 'p_cg' with value 'None' to <class 'int'>
2025-01-30 21:59:02,626 Error converting key 'p_sho' with value 'None' to <class 'int'>
2025-01-30 21:59:02,626 Error converting key 'p_sv' with value 'None' to <class 'int'>
2025-01-30 21:59:02,626 Error converting key 'p_ip' with value 'None' to <class 'float'>
2025-01-30 21:59:02,626 Error converting key 'p_h' with value 'None' to <class 'float'>
2025-01-30 21:59:02,626 Error converting key 'p_r' with value 'None' to <class 'float'>
2025-01-30 21:59:02,626 Error converting key 'p_er' with value 'None' to <class 'float'>
2025-01-30 21:59:02,626 Error converting key 'p_hr' with value 'None' to <class 'int'>
2025-01-30 21:59:02,626 Error converting key 'p_bb' with value 'None' to <class 'int'>
2025-01-30 21:59:02,626 Error converting key 'p_ibb' with value 'None' to <class 'int'>
2025-01-30 21:59:02,626 Error converting key 'p_so' with value 'None' to <class 'int'>
2025-01-30 21:59:02,626 Error converting key 'p_hbp' with value 'None' to <class 'int'>
2025-01-30 21:59:02,626 Error converting key 'p_bk' with value 'None' to <class 'int'>
2025-01-30 21:59:02,626 Error converting key 'p_wp' with value 'None' to <class 'int'>
2025-01-30 21:59:02,626 Error converting key 'p_bfp' with value 'None' to <class 'int'>
2025-01-30 21:59:02,626 Error converting key 'p_earned_run_avg_plus' with value 'None' to <class 'int'>
2025-01-30 21:59:02,626 Error converting key 'p_fip' with value 'None' to <class 'float'>
2025-01-30 21:59:02,626 Error converting key 'p_whip' with value 'None' to <class 'float'>
2025-01-30 21:59:02,626 Error converting key 'p_hits_per_nine' with value 'None' to <class 'float'>
2025-01-30 21:59:02,626 Error converting key 'p_hr_per_nine' with value 'None' to <class 'float'>
2025-01-30 21:59:02,626 Error converting key 'p_bb_per_nine' with value 'None' to <class 'float'>
2025-01-30 21:59:02,626 Error converting key 'p_so_per_nine' with value 'None' to <class 'float'>
2025-01-30 21:59:02,626 Error converting key 'p_strikeouts_per_base_on_balls' with value 'None' to <class 'float'>
2025-01-30 21:59:02,626 Error converting key 'age' with value 'None' to <class 'int'>
2025-01-30 21:59:02,626 Error converting key 'p_war' with value 'None' to <class 'float'>
2025-01-30 21:59:02,626 Error converting key 'p_w' with value 'None' to <class 'int'>
2025-01-30 21:59:02,626 Error converting key 'p_l' with value 'None' to <class 'int'>
2025-01-30 21:59:02,626 Error converting key 'p_win_loss_perc' with value 'None' to <class 'float'>
2025-01-30 21:59:02,626 Error converting key 'p_earned_run_avg' with value 'None' to <class 'float'>
2025-01-30 21:59:02,626 Error converting key 'p_g' with value 'None' to <class 'int'>
2025-01-30 21:59:02,626 Error converting key 'p_gs' with value 'None' to <class 'int'>
2025-01-30 21:59:02,626 Error converting key 'p_gf' with value 'None' to <class 'int'>
2025-01-30 21:59:02,626 Error converting key 'p_cg' with value 'None' to <class 'int'>
2025-01-30 21:59:02,626 Error converting key 'p_sho' with value 'None' to <class 'int'>
2025-01-30 21:59:02,626 Error converting key 'p_sv' with value 'None' to <class 'int'>
2025-01-30 21:59:02,626 Error converting key 'p_ip' with value 'None' to <class 'float'>
2025-01-30 21:59:02,626 Error converting key 'p_h' with value 'None' to <class 'float'>
2025-01-30 21:59:02,626 Error converting key 'p_r' with value 'None' to <class 'float'>
2025-01-30 21:59:02,626 Error converting key 'p_er' with value 'None' to <class 'float'>
2025-01-30 21:59:02,626 Error converting key 'p_hr' with value 'None' to <class 'int'>
2025-01-30 21:59:02,626 Error converting key 'p_bb' with value 'None' to <class 'int'>
2025-01-30 21:59:02,626 Error converting key 'p_ibb' with value 'None' to <class 'int'>
2025-01-30 21:59:02,626 Error converting key 'p_so' with value 'None' to <class 'int'>
2025-01-30 21:59:02,626 Error converting key 'p_hbp' with value 'None' to <class 'int'>
2025-01-30 21:59:02,626 Error converting key 'p_bk' with value 'None' to <class 'int'>
2025-01-30 21:59:02,626 Error converting key 'p_wp' with value 'None' to <class 'int'>
2025-01-30 21:59:02,626 Error converting key 'p_bfp' with value 'None' to <class 'int'>
2025-01-30 21:59:02,626 Error converting key 'p_earned_run_avg_plus' with value 'None' to <class 'int'>
2025-01-30 21:59:02,626 Error converting key 'p_fip' with value 'None' to <class 'float'>
2025-01-30 21:59:02,626 Error converting key 'p_whip' with value 'None' to <class 'float'>
2025-01-30 21:59:02,626 Error converting key 'p_hits_per_nine' with value 'None' to <class 'float'>
2025-01-30 21:59:02,626 Error converting key 'p_hr_per_nine' with value 'None' to <class 'float'>
2025-01-30 21:59:02,626 Error converting key 'p_bb_per_nine' with value 'None' to <class 'float'>
2025-01-30 21:59:02,626 Error converting key 'p_so_per_nine' with value 'None' to <class 'float'>
2025-01-30 21:59:02,626 Error converting key 'p_strikeouts_per_base_on_balls' with value 'None' to <class 'float'>
2025-01-30 21:59:02,642 Error converting key 'age' with value 'None' to <class 'int'>
2025-01-30 21:59:02,642 Error converting key 'p_war' with value 'None' to <class 'float'>
2025-01-30 21:59:02,642 Error converting key 'p_w' with value 'None' to <class 'int'>
2025-01-30 21:59:02,642 Error converting key 'p_l' with value 'None' to <class 'int'>
2025-01-30 21:59:02,642 Error converting key 'p_win_loss_perc' with value 'None' to <class 'float'>
2025-01-30 21:59:02,642 Error converting key 'p_earned_run_avg' with value 'None' to <class 'float'>
2025-01-30 21:59:02,642 Error converting key 'p_g' with value 'None' to <class 'int'>
2025-01-30 21:59:02,642 Error converting key 'p_gs' with value 'None' to <class 'int'>
2025-01-30 21:59:02,642 Error converting key 'p_gf' with value 'None' to <class 'int'>
2025-01-30 21:59:02,642 Error converting key 'p_cg' with value 'None' to <class 'int'>
2025-01-30 21:59:02,642 Error converting key 'p_sho' with value 'None' to <class 'int'>
2025-01-30 21:59:02,642 Error converting key 'p_sv' with value 'None' to <class 'int'>
2025-01-30 21:59:02,642 Error converting key 'p_ip' with value 'None' to <class 'float'>
2025-01-30 21:59:02,642 Error converting key 'p_h' with value 'None' to <class 'float'>
2025-01-30 21:59:02,642 Error converting key 'p_r' with value 'None' to <class 'float'>
2025-01-30 21:59:02,642 Error converting key 'p_er' with value 'None' to <class 'float'>
2025-01-30 21:59:02,642 Error converting key 'p_hr' with value 'None' to <class 'int'>
2025-01-30 21:59:02,642 Error converting key 'p_bb' with value 'None' to <class 'int'>
2025-01-30 21:59:02,642 Error converting key 'p_ibb' with value 'None' to <class 'int'>
2025-01-30 21:59:02,642 Error converting key 'p_so' with value 'None' to <class 'int'>
2025-01-30 21:59:02,642 Error converting key 'p_hbp' with value 'None' to <class 'int'>
2025-01-30 21:59:02,642 Error converting key 'p_bk' with value 'None' to <class 'int'>
2025-01-30 21:59:02,642 Error converting key 'p_wp' with value 'None' to <class 'int'>
2025-01-30 21:59:02,642 Error converting key 'p_bfp' with value 'None' to <class 'int'>
2025-01-30 21:59:02,642 Error converting key 'p_earned_run_avg_plus' with value 'None' to <class 'int'>
2025-01-30 21:59:02,642 Error converting key 'p_fip' with value 'None' to <class 'float'>
2025-01-30 21:59:02,642 Error converting key 'p_whip' with value 'None' to <class 'float'>
2025-01-30 21:59:02,642 Error converting key 'p_hits_per_nine' with value 'None' to <class 'float'>
2025-01-30 21:59:02,642 Error converting key 'p_hr_per_nine' with value 'None' to <class 'float'>
2025-01-30 21:59:02,642 Error converting key 'p_bb_per_nine' with value 'None' to <class 'float'>
2025-01-30 21:59:02,642 Error converting key 'p_so_per_nine' with value 'None' to <class 'float'>
2025-01-30 21:59:02,642 Error converting key 'p_strikeouts_per_base_on_balls' with value 'None' to <class 'float'>
2025-01-30 21:59:02,642 Error converting key 'age' with value 'None' to <class 'int'>
2025-01-30 21:59:02,642 Error converting key 'b_war' with value 'None' to <class 'float'>
2025-01-30 21:59:02,642 Error converting key 'b_games' with value 'None' to <class 'int'>
2025-01-30 21:59:02,642 Error converting key 'b_pa' with value 'None' to <class 'int'>
2025-01-30 21:59:02,642 Error converting key 'b_ab' with value 'None' to <class 'int'>
2025-01-30 21:59:02,642 Error converting key 'b_r' with value 'None' to <class 'int'>
2025-01-30 21:59:02,642 Error converting key 'b_h' with value 'None' to <class 'int'>
2025-01-30 21:59:02,642 Error converting key 'b_doubles' with value 'None' to <class 'int'>
2025-01-30 21:59:02,642 Error converting key 'b_triples' with value 'None' to <class 'int'>
2025-01-30 21:59:02,642 Error converting key 'b_hr' with value 'None' to <class 'int'>
2025-01-30 21:59:02,642 Error converting key 'b_rbi' with value 'None' to <class 'int'>
2025-01-30 21:59:02,642 Error converting key 'b_sb' with value 'None' to <class 'int'>
2025-01-30 21:59:02,642 Error converting key 'b_cs' with value 'None' to <class 'int'>
2025-01-30 21:59:02,642 Error converting key 'b_bb' with value 'None' to <class 'int'>
2025-01-30 21:59:02,642 Error converting key 'b_so' with value 'None' to <class 'int'>
2025-01-30 21:59:02,642 Error converting key 'b_batting_avg' with value 'None' to <class 'float'>
2025-01-30 21:59:02,642 Error converting key 'b_onbase_perc' with value 'None' to <class 'float'>
2025-01-30 21:59:02,642 Error converting key 'b_slugging_perc' with value 'None' to <class 'float'>
2025-01-30 21:59:02,642 Error converting key 'b_onbase_plus_slugging' with value 'None' to <class 'float'>
2025-01-30 21:59:02,642 Error converting key 'b_onbase_plus_slugging_plus' with value 'None' to <class 'int'>
2025-01-30 21:59:02,642 Error converting key 'b_roba' with value 'None' to <class 'float'>
2025-01-30 21:59:02,642 Error converting key 'b_rbat_plus' with value 'None' to <class 'int'>
2025-01-30 21:59:02,642 Error converting key 'b_tb' with value 'None' to <class 'int'>
2025-01-30 21:59:02,642 Error converting key 'b_gidp' with value 'None' to <class 'int'>
2025-01-30 21:59:02,642 Error converting key 'b_hbp' with value 'None' to <class 'int'>
2025-01-30 21:59:02,642 Error converting key 'b_sh' with value 'None' to <class 'int'>
2025-01-30 21:59:02,642 Error converting key 'b_sf' with value 'None' to <class 'int'>
2025-01-30 21:59:02,642 Error converting key 'b_ibb' with value 'None' to <class 'int'>
2025-01-30 21:59:02,642 Error converting key 'age' with value 'None' to <class 'int'>
2025-01-30 21:59:02,642 Error converting key 'p_war' with value 'None' to <class 'float'>
2025-01-30 21:59:02,642 Error converting key 'p_w' with value 'None' to <class 'int'>
2025-01-30 21:59:02,642 Error converting key 'p_l' with value 'None' to <class 'int'>
2025-01-30 21:59:02,642 Error converting key 'p_win_loss_perc' with value 'None' to <class 'float'>
2025-01-30 21:59:02,642 Error converting key 'p_earned_run_avg' with value 'None' to <class 'float'>
2025-01-30 21:59:02,642 Error converting key 'p_g' with value 'None' to <class 'int'>
2025-01-30 21:59:02,642 Error converting key 'p_gs' with value 'None' to <class 'int'>
2025-01-30 21:59:02,642 Error converting key 'p_gf' with value 'None' to <class 'int'>
2025-01-30 21:59:02,642 Error converting key 'p_cg' with value 'None' to <class 'int'>
2025-01-30 21:59:02,642 Error converting key 'p_sho' with value 'None' to <class 'int'>
2025-01-30 21:59:02,642 Error converting key 'p_sv' with value 'None' to <class 'int'>
2025-01-30 21:59:02,642 Error converting key 'p_ip' with value 'None' to <class 'float'>
2025-01-30 21:59:02,642 Error converting key 'p_h' with value 'None' to <class 'float'>
2025-01-30 21:59:02,642 Error converting key 'p_r' with value 'None' to <class 'float'>
2025-01-30 21:59:02,642 Error converting key 'p_er' with value 'None' to <class 'float'>
2025-01-30 21:59:02,642 Error converting key 'p_hr' with value 'None' to <class 'int'>
2025-01-30 21:59:02,642 Error converting key 'p_bb' with value 'None' to <class 'int'>
2025-01-30 21:59:02,642 Error converting key 'p_ibb' with value 'None' to <class 'int'>
2025-01-30 21:59:02,642 Error converting key 'p_so' with value 'None' to <class 'int'>
2025-01-30 21:59:02,642 Error converting key 'p_hbp' with value 'None' to <class 'int'>
2025-01-30 21:59:02,642 Error converting key 'p_bk' with value 'None' to <class 'int'>
2025-01-30 21:59:02,642 Error converting key 'p_wp' with value 'None' to <class 'int'>
2025-01-30 21:59:02,642 Error converting key 'p_bfp' with value 'None' to <class 'int'>
2025-01-30 21:59:02,642 Error converting key 'p_earned_run_avg_plus' with value 'None' to <class 'int'>
2025-01-30 21:59:02,642 Error converting key 'p_fip' with value 'None' to <class 'float'>
2025-01-30 21:59:02,642 Error converting key 'p_whip' with value 'None' to <class 'float'>
2025-01-30 21:59:02,642 Error converting key 'p_hits_per_nine' with value 'None' to <class 'float'>
2025-01-30 21:59:02,642 Error converting key 'p_hr_per_nine' with value 'None' to <class 'float'>
2025-01-30 21:59:02,642 Error converting key 'p_bb_per_nine' with value 'None' to <class 'float'>
2025-01-30 21:59:02,642 Error converting key 'p_so_per_nine' with value 'None' to <class 'float'>
2025-01-30 21:59:02,642 Error converting key 'p_strikeouts_per_base_on_balls' with value 'None' to <class 'float'>
2025-01-30 21:59:02,642 Error converting key 'age' with value 'None' to <class 'int'>
2025-01-30 21:59:02,642 Error converting key 'b_war' with value 'None' to <class 'float'>
2025-01-30 21:59:02,642 Error converting key 'b_games' with value 'None' to <class 'int'>
2025-01-30 21:59:02,642 Error converting key 'b_pa' with value 'None' to <class 'int'>
2025-01-30 21:59:02,642 Error converting key 'b_ab' with value 'None' to <class 'int'>
2025-01-30 21:59:02,642 Error converting key 'b_r' with value 'None' to <class 'int'>
2025-01-30 21:59:02,642 Error converting key 'b_h' with value 'None' to <class 'int'>
2025-01-30 21:59:02,642 Error converting key 'b_doubles' with value 'None' to <class 'int'>
2025-01-30 21:59:02,642 Error converting key 'b_triples' with value 'None' to <class 'int'>
2025-01-30 21:59:02,642 Error converting key 'b_hr' with value 'None' to <class 'int'>
2025-01-30 21:59:02,642 Error converting key 'b_rbi' with value 'None' to <class 'int'>
2025-01-30 21:59:02,642 Error converting key 'b_sb' with value 'None' to <class 'int'>
2025-01-30 21:59:02,642 Error converting key 'b_cs' with value 'None' to <class 'int'>
2025-01-30 21:59:02,642 Error converting key 'b_bb' with value 'None' to <class 'int'>
2025-01-30 21:59:02,642 Error converting key 'b_so' with value 'None' to <class 'int'>
2025-01-30 21:59:02,642 Error converting key 'b_batting_avg' with value 'None' to <class 'float'>
2025-01-30 21:59:02,642 Error converting key 'b_onbase_perc' with value 'None' to <class 'float'>
2025-01-30 21:59:02,642 Error converting key 'b_slugging_perc' with value 'None' to <class 'float'>
2025-01-30 21:59:02,642 Error converting key 'b_onbase_plus_slugging' with value 'None' to <class 'float'>
2025-01-30 21:59:02,642 Error converting key 'b_onbase_plus_slugging_plus' with value 'None' to <class 'int'>
2025-01-30 21:59:02,642 Error converting key 'b_roba' with value 'None' to <class 'float'>
2025-01-30 21:59:02,642 Error converting key 'b_rbat_plus' with value 'None' to <class 'int'>
2025-01-30 21:59:02,642 Error converting key 'b_tb' with value 'None' to <class 'int'>
2025-01-30 21:59:02,642 Error converting key 'b_gidp' with value 'None' to <class 'int'>
2025-01-30 21:59:02,642 Error converting key 'b_hbp' with value 'None' to <class 'int'>
2025-01-30 21:59:02,642 Error converting key 'b_sh' with value 'None' to <class 'int'>
2025-01-30 21:59:02,642 Error converting key 'b_sf' with value 'None' to <class 'int'>
2025-01-30 21:59:02,642 Error converting key 'b_ibb' with value 'None' to <class 'int'>
2025-01-30 21:59:02,642 Error converting key 'age' with value 'None' to <class 'int'>
2025-01-30 21:59:02,642 Error converting key 'p_war' with value 'None' to <class 'float'>
2025-01-30 21:59:02,642 Error converting key 'p_w' with value 'None' to <class 'int'>
2025-01-30 21:59:02,642 Error converting key 'p_l' with value 'None' to <class 'int'>
2025-01-30 21:59:02,642 Error converting key 'p_win_loss_perc' with value 'None' to <class 'float'>
2025-01-30 21:59:02,642 Error converting key 'p_earned_run_avg' with value 'None' to <class 'float'>
2025-01-30 21:59:02,642 Error converting key 'p_g' with value 'None' to <class 'int'>
2025-01-30 21:59:02,642 Error converting key 'p_gs' with value 'None' to <class 'int'>
2025-01-30 21:59:02,642 Error converting key 'p_gf' with value 'None' to <class 'int'>
2025-01-30 21:59:02,642 Error converting key 'p_cg' with value 'None' to <class 'int'>
2025-01-30 21:59:02,642 Error converting key 'p_sho' with value 'None' to <class 'int'>
2025-01-30 21:59:02,642 Error converting key 'p_sv' with value 'None' to <class 'int'>
2025-01-30 21:59:02,642 Error converting key 'p_ip' with value 'None' to <class 'float'>
2025-01-30 21:59:02,642 Error converting key 'p_h' with value 'None' to <class 'float'>
2025-01-30 21:59:02,642 Error converting key 'p_r' with value 'None' to <class 'float'>
2025-01-30 21:59:02,642 Error converting key 'p_er' with value 'None' to <class 'float'>
2025-01-30 21:59:02,642 Error converting key 'p_hr' with value 'None' to <class 'int'>
2025-01-30 21:59:02,642 Error converting key 'p_bb' with value 'None' to <class 'int'>
2025-01-30 21:59:02,642 Error converting key 'p_ibb' with value 'None' to <class 'int'>
2025-01-30 21:59:02,642 Error converting key 'p_so' with value 'None' to <class 'int'>
2025-01-30 21:59:02,642 Error converting key 'p_hbp' with value 'None' to <class 'int'>
2025-01-30 21:59:02,642 Error converting key 'p_bk' with value 'None' to <class 'int'>
2025-01-30 21:59:02,642 Error converting key 'p_wp' with value 'None' to <class 'int'>
2025-01-30 21:59:02,642 Error converting key 'p_bfp' with value 'None' to <class 'int'>
2025-01-30 21:59:02,642 Error converting key 'p_earned_run_avg_plus' with value 'None' to <class 'int'>
2025-01-30 21:59:02,642 Error converting key 'p_fip' with value 'None' to <class 'float'>
2025-01-30 21:59:02,642 Error converting key 'p_whip' with value 'None' to <class 'float'>
2025-01-30 21:59:02,642 Error converting key 'p_hits_per_nine' with value 'None' to <class 'float'>
2025-01-30 21:59:02,642 Error converting key 'p_hr_per_nine' with value 'None' to <class 'float'>
2025-01-30 21:59:02,642 Error converting key 'p_bb_per_nine' with value 'None' to <class 'float'>
2025-01-30 21:59:02,642 Error converting key 'p_so_per_nine' with value 'None' to <class 'float'>
2025-01-30 21:59:02,642 Error converting key 'p_strikeouts_per_base_on_balls' with value 'None' to <class 'float'>
2025-01-30 21:59:02,657 Error converting key 'age' with value 'None' to <class 'int'>
2025-01-30 21:59:02,657 Error converting key 'p_war' with value 'None' to <class 'float'>
2025-01-30 21:59:02,657 Error converting key 'p_w' with value 'None' to <class 'int'>
2025-01-30 21:59:02,657 Error converting key 'p_l' with value 'None' to <class 'int'>
2025-01-30 21:59:02,657 Error converting key 'p_win_loss_perc' with value 'None' to <class 'float'>
2025-01-30 21:59:02,657 Error converting key 'p_earned_run_avg' with value 'None' to <class 'float'>
2025-01-30 21:59:02,657 Error converting key 'p_g' with value 'None' to <class 'int'>
2025-01-30 21:59:02,657 Error converting key 'p_gs' with value 'None' to <class 'int'>
2025-01-30 21:59:02,657 Error converting key 'p_gf' with value 'None' to <class 'int'>
2025-01-30 21:59:02,657 Error converting key 'p_cg' with value 'None' to <class 'int'>
2025-01-30 21:59:02,657 Error converting key 'p_sho' with value 'None' to <class 'int'>
2025-01-30 21:59:02,657 Error converting key 'p_sv' with value 'None' to <class 'int'>
2025-01-30 21:59:02,657 Error converting key 'p_ip' with value 'None' to <class 'float'>
2025-01-30 21:59:02,657 Error converting key 'p_h' with value 'None' to <class 'float'>
2025-01-30 21:59:02,657 Error converting key 'p_r' with value 'None' to <class 'float'>
2025-01-30 21:59:02,657 Error converting key 'p_er' with value 'None' to <class 'float'>
2025-01-30 21:59:02,657 Error converting key 'p_hr' with value 'None' to <class 'int'>
2025-01-30 21:59:02,657 Error converting key 'p_bb' with value 'None' to <class 'int'>
2025-01-30 21:59:02,657 Error converting key 'p_ibb' with value 'None' to <class 'int'>
2025-01-30 21:59:02,657 Error converting key 'p_so' with value 'None' to <class 'int'>
2025-01-30 21:59:02,657 Error converting key 'p_hbp' with value 'None' to <class 'int'>
2025-01-30 21:59:02,657 Error converting key 'p_bk' with value 'None' to <class 'int'>
2025-01-30 21:59:02,657 Error converting key 'p_wp' with value 'None' to <class 'int'>
2025-01-30 21:59:02,657 Error converting key 'p_bfp' with value 'None' to <class 'int'>
2025-01-30 21:59:02,657 Error converting key 'p_earned_run_avg_plus' with value 'None' to <class 'int'>
2025-01-30 21:59:02,657 Error converting key 'p_fip' with value 'None' to <class 'float'>
2025-01-30 21:59:02,657 Error converting key 'p_whip' with value 'None' to <class 'float'>
2025-01-30 21:59:02,657 Error converting key 'p_hits_per_nine' with value 'None' to <class 'float'>
2025-01-30 21:59:02,657 Error converting key 'p_hr_per_nine' with value 'None' to <class 'float'>
2025-01-30 21:59:02,657 Error converting key 'p_bb_per_nine' with value 'None' to <class 'float'>
2025-01-30 21:59:02,657 Error converting key 'p_so_per_nine' with value 'None' to <class 'float'>
2025-01-30 21:59:02,657 Error converting key 'p_strikeouts_per_base_on_balls' with value 'None' to <class 'float'>
2025-01-30 21:59:02,657 Error converting key 'age' with value 'None' to <class 'int'>
2025-01-30 21:59:02,657 Error converting key 'p_war' with value 'None' to <class 'float'>
2025-01-30 21:59:02,657 Error converting key 'p_w' with value 'None' to <class 'int'>
2025-01-30 21:59:02,657 Error converting key 'p_l' with value 'None' to <class 'int'>
2025-01-30 21:59:02,657 Error converting key 'p_win_loss_perc' with value 'None' to <class 'float'>
2025-01-30 21:59:02,657 Error converting key 'p_earned_run_avg' with value 'None' to <class 'float'>
2025-01-30 21:59:02,657 Error converting key 'p_g' with value 'None' to <class 'int'>
2025-01-30 21:59:02,657 Error converting key 'p_gs' with value 'None' to <class 'int'>
2025-01-30 21:59:02,657 Error converting key 'p_gf' with value 'None' to <class 'int'>
2025-01-30 21:59:02,657 Error converting key 'p_cg' with value 'None' to <class 'int'>
2025-01-30 21:59:02,657 Error converting key 'p_sho' with value 'None' to <class 'int'>
2025-01-30 21:59:02,657 Error converting key 'p_sv' with value 'None' to <class 'int'>
2025-01-30 21:59:02,657 Error converting key 'p_ip' with value 'None' to <class 'float'>
2025-01-30 21:59:02,657 Error converting key 'p_h' with value 'None' to <class 'float'>
2025-01-30 21:59:02,657 Error converting key 'p_r' with value 'None' to <class 'float'>
2025-01-30 21:59:02,657 Error converting key 'p_er' with value 'None' to <class 'float'>
2025-01-30 21:59:02,657 Error converting key 'p_hr' with value 'None' to <class 'int'>
2025-01-30 21:59:02,657 Error converting key 'p_bb' with value 'None' to <class 'int'>
2025-01-30 21:59:02,657 Error converting key 'p_ibb' with value 'None' to <class 'int'>
2025-01-30 21:59:02,657 Error converting key 'p_so' with value 'None' to <class 'int'>
2025-01-30 21:59:02,657 Error converting key 'p_hbp' with value 'None' to <class 'int'>
2025-01-30 21:59:02,657 Error converting key 'p_bk' with value 'None' to <class 'int'>
2025-01-30 21:59:02,657 Error converting key 'p_wp' with value 'None' to <class 'int'>
2025-01-30 21:59:02,657 Error converting key 'p_bfp' with value 'None' to <class 'int'>
2025-01-30 21:59:02,657 Error converting key 'p_earned_run_avg_plus' with value 'None' to <class 'int'>
2025-01-30 21:59:02,657 Error converting key 'p_fip' with value 'None' to <class 'float'>
2025-01-30 21:59:02,657 Error converting key 'p_whip' with value 'None' to <class 'float'>
2025-01-30 21:59:02,657 Error converting key 'p_hits_per_nine' with value 'None' to <class 'float'>
2025-01-30 21:59:02,657 Error converting key 'p_hr_per_nine' with value 'None' to <class 'float'>
2025-01-30 21:59:02,657 Error converting key 'p_bb_per_nine' with value 'None' to <class 'float'>
2025-01-30 21:59:02,657 Error converting key 'p_so_per_nine' with value 'None' to <class 'float'>
2025-01-30 21:59:02,657 Error converting key 'p_strikeouts_per_base_on_balls' with value 'None' to <class 'float'>
2025-01-30 21:59:02,657 Error converting key 'age' with value 'None' to <class 'int'>
2025-01-30 21:59:02,657 Error converting key 'b_war' with value 'None' to <class 'float'>
2025-01-30 21:59:02,657 Error converting key 'b_games' with value 'None' to <class 'int'>
2025-01-30 21:59:02,657 Error converting key 'b_pa' with value 'None' to <class 'int'>
2025-01-30 21:59:02,657 Error converting key 'b_ab' with value 'None' to <class 'int'>
2025-01-30 21:59:02,657 Error converting key 'b_r' with value 'None' to <class 'int'>
2025-01-30 21:59:02,657 Error converting key 'b_h' with value 'None' to <class 'int'>
2025-01-30 21:59:02,657 Error converting key 'b_doubles' with value 'None' to <class 'int'>
2025-01-30 21:59:02,657 Error converting key 'b_triples' with value 'None' to <class 'int'>
2025-01-30 21:59:02,657 Error converting key 'b_hr' with value 'None' to <class 'int'>
2025-01-30 21:59:02,657 Error converting key 'b_rbi' with value 'None' to <class 'int'>
2025-01-30 21:59:02,657 Error converting key 'b_sb' with value 'None' to <class 'int'>
2025-01-30 21:59:02,657 Error converting key 'b_cs' with value 'None' to <class 'int'>
2025-01-30 21:59:02,657 Error converting key 'b_bb' with value 'None' to <class 'int'>
2025-01-30 21:59:02,673 Error converting key 'b_so' with value 'None' to <class 'int'>
2025-01-30 21:59:02,673 Error converting key 'b_batting_avg' with value 'None' to <class 'float'>
2025-01-30 21:59:02,673 Error converting key 'b_onbase_perc' with value 'None' to <class 'float'>
2025-01-30 21:59:02,673 Error converting key 'b_slugging_perc' with value 'None' to <class 'float'>
2025-01-30 21:59:02,673 Error converting key 'b_onbase_plus_slugging' with value 'None' to <class 'float'>
2025-01-30 21:59:02,673 Error converting key 'b_onbase_plus_slugging_plus' with value 'None' to <class 'int'>
2025-01-30 21:59:02,673 Error converting key 'b_roba' with value 'None' to <class 'float'>
2025-01-30 21:59:02,673 Error converting key 'b_rbat_plus' with value 'None' to <class 'int'>
2025-01-30 21:59:02,673 Error converting key 'b_tb' with value 'None' to <class 'int'>
2025-01-30 21:59:02,673 Error converting key 'b_gidp' with value 'None' to <class 'int'>
2025-01-30 21:59:02,673 Error converting key 'b_hbp' with value 'None' to <class 'int'>
2025-01-30 21:59:02,673 Error converting key 'b_sh' with value 'None' to <class 'int'>
2025-01-30 21:59:02,673 Error converting key 'b_sf' with value 'None' to <class 'int'>
2025-01-30 21:59:02,673 Error converting key 'b_ibb' with value 'None' to <class 'int'>
2025-01-30 21:59:02,673 Error converting key 'age' with value 'None' to <class 'int'>
2025-01-30 21:59:02,673 Error converting key 'p_war' with value 'None' to <class 'float'>
2025-01-30 21:59:02,673 Error converting key 'p_w' with value 'None' to <class 'int'>
2025-01-30 21:59:02,673 Error converting key 'p_l' with value 'None' to <class 'int'>
2025-01-30 21:59:02,673 Error converting key 'p_win_loss_perc' with value 'None' to <class 'float'>
2025-01-30 21:59:02,673 Error converting key 'p_earned_run_avg' with value 'None' to <class 'float'>
2025-01-30 21:59:02,673 Error converting key 'p_g' with value 'None' to <class 'int'>
2025-01-30 21:59:02,673 Error converting key 'p_gs' with value 'None' to <class 'int'>
2025-01-30 21:59:02,673 Error converting key 'p_gf' with value 'None' to <class 'int'>
2025-01-30 21:59:02,673 Error converting key 'p_cg' with value 'None' to <class 'int'>
2025-01-30 21:59:02,673 Error converting key 'p_sho' with value 'None' to <class 'int'>
2025-01-30 21:59:02,673 Error converting key 'p_sv' with value 'None' to <class 'int'>
2025-01-30 21:59:02,673 Error converting key 'p_ip' with value 'None' to <class 'float'>
2025-01-30 21:59:02,673 Error converting key 'p_h' with value 'None' to <class 'float'>
2025-01-30 21:59:02,673 Error converting key 'p_r' with value 'None' to <class 'float'>
2025-01-30 21:59:02,673 Error converting key 'p_er' with value 'None' to <class 'float'>
2025-01-30 21:59:02,673 Error converting key 'p_hr' with value 'None' to <class 'int'>
2025-01-30 21:59:02,673 Error converting key 'p_bb' with value 'None' to <class 'int'>
2025-01-30 21:59:02,673 Error converting key 'p_ibb' with value 'None' to <class 'int'>
2025-01-30 21:59:02,673 Error converting key 'p_so' with value 'None' to <class 'int'>
2025-01-30 21:59:02,673 Error converting key 'p_hbp' with value 'None' to <class 'int'>
2025-01-30 21:59:02,673 Error converting key 'p_bk' with value 'None' to <class 'int'>
2025-01-30 21:59:02,673 Error converting key 'p_wp' with value 'None' to <class 'int'>
2025-01-30 21:59:02,673 Error converting key 'p_bfp' with value 'None' to <class 'int'>
2025-01-30 21:59:02,673 Error converting key 'p_earned_run_avg_plus' with value 'None' to <class 'int'>
2025-01-30 21:59:02,673 Error converting key 'p_fip' with value 'None' to <class 'float'>
2025-01-30 21:59:02,673 Error converting key 'p_whip' with value 'None' to <class 'float'>
2025-01-30 21:59:02,673 Error converting key 'p_hits_per_nine' with value 'None' to <class 'float'>
2025-01-30 21:59:02,673 Error converting key 'p_hr_per_nine' with value 'None' to <class 'float'>
2025-01-30 21:59:02,673 Error converting key 'p_bb_per_nine' with value 'None' to <class 'float'>
2025-01-30 21:59:02,673 Error converting key 'p_so_per_nine' with value 'None' to <class 'float'>
2025-01-30 21:59:02,673 Error converting key 'p_strikeouts_per_base_on_balls' with value 'None' to <class 'float'>
2025-01-30 21:59:02,673 Error converting key 'age' with value 'None' to <class 'int'>
2025-01-30 21:59:02,673 Error converting key 'b_war' with value 'None' to <class 'float'>
2025-01-30 21:59:02,673 Error converting key 'b_games' with value 'None' to <class 'int'>
2025-01-30 21:59:02,673 Error converting key 'b_pa' with value 'None' to <class 'int'>
2025-01-30 21:59:02,673 Error converting key 'b_ab' with value 'None' to <class 'int'>
2025-01-30 21:59:02,673 Error converting key 'b_r' with value 'None' to <class 'int'>
2025-01-30 21:59:02,673 Error converting key 'b_h' with value 'None' to <class 'int'>
2025-01-30 21:59:02,673 Error converting key 'b_doubles' with value 'None' to <class 'int'>
2025-01-30 21:59:02,673 Error converting key 'b_triples' with value 'None' to <class 'int'>
2025-01-30 21:59:02,673 Error converting key 'b_hr' with value 'None' to <class 'int'>
2025-01-30 21:59:02,673 Error converting key 'b_rbi' with value 'None' to <class 'int'>
2025-01-30 21:59:02,673 Error converting key 'b_sb' with value 'None' to <class 'int'>
2025-01-30 21:59:02,673 Error converting key 'b_cs' with value 'None' to <class 'int'>
2025-01-30 21:59:02,673 Error converting key 'b_bb' with value 'None' to <class 'int'>
2025-01-30 21:59:02,673 Error converting key 'b_so' with value 'None' to <class 'int'>
2025-01-30 21:59:02,673 Error converting key 'b_batting_avg' with value 'None' to <class 'float'>
2025-01-30 21:59:02,673 Error converting key 'b_onbase_perc' with value 'None' to <class 'float'>
2025-01-30 21:59:02,673 Error converting key 'b_slugging_perc' with value 'None' to <class 'float'>
2025-01-30 21:59:02,673 Error converting key 'b_onbase_plus_slugging' with value 'None' to <class 'float'>
2025-01-30 21:59:02,673 Error converting key 'b_onbase_plus_slugging_plus' with value 'None' to <class 'int'>
2025-01-30 21:59:02,673 Error converting key 'b_roba' with value 'None' to <class 'float'>
2025-01-30 21:59:02,673 Error converting key 'b_rbat_plus' with value 'None' to <class 'int'>
2025-01-30 21:59:02,673 Error converting key 'b_tb' with value 'None' to <class 'int'>
2025-01-30 21:59:02,673 Error converting key 'b_gidp' with value 'None' to <class 'int'>
2025-01-30 21:59:02,673 Error converting key 'b_hbp' with value 'None' to <class 'int'>
2025-01-30 21:59:02,673 Error converting key 'b_sh' with value 'None' to <class 'int'>
2025-01-30 21:59:02,673 Error converting key 'b_sf' with value 'None' to <class 'int'>
2025-01-30 21:59:02,673 Error converting key 'b_ibb' with value 'None' to <class 'int'>
2025-01-30 21:59:02,673 Error converting key 'age' with value 'None' to <class 'int'>
2025-01-30 21:59:02,673 Error converting key 'p_war' with value 'None' to <class 'float'>
2025-01-30 21:59:02,673 Error converting key 'p_w' with value 'None' to <class 'int'>
2025-01-30 21:59:02,673 Error converting key 'p_l' with value 'None' to <class 'int'>
2025-01-30 21:59:02,673 Error converting key 'p_win_loss_perc' with value 'None' to <class 'float'>
2025-01-30 21:59:02,673 Error converting key 'p_earned_run_avg' with value 'None' to <class 'float'>
2025-01-30 21:59:02,673 Error converting key 'p_g' with value 'None' to <class 'int'>
2025-01-30 21:59:02,673 Error converting key 'p_gs' with value 'None' to <class 'int'>
2025-01-30 21:59:02,673 Error converting key 'p_gf' with value 'None' to <class 'int'>
2025-01-30 21:59:02,673 Error converting key 'p_cg' with value 'None' to <class 'int'>
2025-01-30 21:59:02,673 Error converting key 'p_sho' with value 'None' to <class 'int'>
2025-01-30 21:59:02,673 Error converting key 'p_sv' with value 'None' to <class 'int'>
2025-01-30 21:59:02,673 Error converting key 'p_ip' with value 'None' to <class 'float'>
2025-01-30 21:59:02,673 Error converting key 'p_h' with value 'None' to <class 'float'>
2025-01-30 21:59:02,673 Error converting key 'p_r' with value 'None' to <class 'float'>
2025-01-30 21:59:02,673 Error converting key 'p_er' with value 'None' to <class 'float'>
2025-01-30 21:59:02,673 Error converting key 'p_hr' with value 'None' to <class 'int'>
2025-01-30 21:59:02,673 Error converting key 'p_bb' with value 'None' to <class 'int'>
2025-01-30 21:59:02,673 Error converting key 'p_ibb' with value 'None' to <class 'int'>
2025-01-30 21:59:02,673 Error converting key 'p_so' with value 'None' to <class 'int'>
2025-01-30 21:59:02,673 Error converting key 'p_hbp' with value 'None' to <class 'int'>
2025-01-30 21:59:02,673 Error converting key 'p_bk' with value 'None' to <class 'int'>
2025-01-30 21:59:02,673 Error converting key 'p_wp' with value 'None' to <class 'int'>
2025-01-30 21:59:02,673 Error converting key 'p_bfp' with value 'None' to <class 'int'>
2025-01-30 21:59:02,673 Error converting key 'p_earned_run_avg_plus' with value 'None' to <class 'int'>
2025-01-30 21:59:02,673 Error converting key 'p_fip' with value 'None' to <class 'float'>
2025-01-30 21:59:02,673 Error converting key 'p_whip' with value 'None' to <class 'float'>
2025-01-30 21:59:02,673 Error converting key 'p_hits_per_nine' with value 'None' to <class 'float'>
2025-01-30 21:59:02,673 Error converting key 'p_hr_per_nine' with value 'None' to <class 'float'>
2025-01-30 21:59:02,673 Error converting key 'p_bb_per_nine' with value 'None' to <class 'float'>
2025-01-30 21:59:02,673 Error converting key 'p_so_per_nine' with value 'None' to <class 'float'>
2025-01-30 21:59:02,673 Error converting key 'p_strikeouts_per_base_on_balls' with value 'None' to <class 'float'>
2025-01-30 21:59:02,673 Error converting key 'age' with value 'None' to <class 'int'>
2025-01-30 21:59:02,673 Error converting key 'p_war' with value 'None' to <class 'float'>
2025-01-30 21:59:02,673 Error converting key 'p_w' with value 'None' to <class 'int'>
2025-01-30 21:59:02,673 Error converting key 'p_l' with value 'None' to <class 'int'>
2025-01-30 21:59:02,673 Error converting key 'p_win_loss_perc' with value 'None' to <class 'float'>
2025-01-30 21:59:02,673 Error converting key 'p_earned_run_avg' with value 'None' to <class 'float'>
2025-01-30 21:59:02,673 Error converting key 'p_g' with value 'None' to <class 'int'>
2025-01-30 21:59:02,673 Error converting key 'p_gs' with value 'None' to <class 'int'>
2025-01-30 21:59:02,673 Error converting key 'p_gf' with value 'None' to <class 'int'>
2025-01-30 21:59:02,673 Error converting key 'p_cg' with value 'None' to <class 'int'>
2025-01-30 21:59:02,673 Error converting key 'p_sho' with value 'None' to <class 'int'>
2025-01-30 21:59:02,673 Error converting key 'p_sv' with value 'None' to <class 'int'>
2025-01-30 21:59:02,673 Error converting key 'p_ip' with value 'None' to <class 'float'>
2025-01-30 21:59:02,673 Error converting key 'p_h' with value 'None' to <class 'float'>
2025-01-30 21:59:02,673 Error converting key 'p_r' with value 'None' to <class 'float'>
2025-01-30 21:59:02,673 Error converting key 'p_er' with value 'None' to <class 'float'>
2025-01-30 21:59:02,673 Error converting key 'p_hr' with value 'None' to <class 'int'>
2025-01-30 21:59:02,673 Error converting key 'p_bb' with value 'None' to <class 'int'>
2025-01-30 21:59:02,673 Error converting key 'p_ibb' with value 'None' to <class 'int'>
2025-01-30 21:59:02,673 Error converting key 'p_so' with value 'None' to <class 'int'>
2025-01-30 21:59:02,673 Error converting key 'p_hbp' with value 'None' to <class 'int'>
2025-01-30 21:59:02,673 Error converting key 'p_bk' with value 'None' to <class 'int'>
2025-01-30 21:59:02,673 Error converting key 'p_wp' with value 'None' to <class 'int'>
2025-01-30 21:59:02,673 Error converting key 'p_bfp' with value 'None' to <class 'int'>
2025-01-30 21:59:02,673 Error converting key 'p_earned_run_avg_plus' with value 'None' to <class 'int'>
2025-01-30 21:59:02,673 Error converting key 'p_fip' with value 'None' to <class 'float'>
2025-01-30 21:59:02,673 Error converting key 'p_whip' with value 'None' to <class 'float'>
2025-01-30 21:59:02,673 Error converting key 'p_hits_per_nine' with value 'None' to <class 'float'>
2025-01-30 21:59:02,673 Error converting key 'p_hr_per_nine' with value 'None' to <class 'float'>
2025-01-30 21:59:02,673 Error converting key 'p_bb_per_nine' with value 'None' to <class 'float'>
2025-01-30 21:59:02,673 Error converting key 'p_so_per_nine' with value 'None' to <class 'float'>
2025-01-30 21:59:02,673 Error converting key 'p_strikeouts_per_base_on_balls' with value 'None' to <class 'float'>
2025-01-30 21:59:02,673 Error converting key 'age' with value 'None' to <class 'int'>
2025-01-30 21:59:02,673 Error converting key 'p_war' with value 'None' to <class 'float'>
2025-01-30 21:59:02,673 Error converting key 'p_w' with value 'None' to <class 'int'>
2025-01-30 21:59:02,673 Error converting key 'p_l' with value 'None' to <class 'int'>
2025-01-30 21:59:02,673 Error converting key 'p_win_loss_perc' with value 'None' to <class 'float'>
2025-01-30 21:59:02,673 Error converting key 'p_earned_run_avg' with value 'None' to <class 'float'>
2025-01-30 21:59:02,673 Error converting key 'p_g' with value 'None' to <class 'int'>
2025-01-30 21:59:02,673 Error converting key 'p_gs' with value 'None' to <class 'int'>
2025-01-30 21:59:02,673 Error converting key 'p_gf' with value 'None' to <class 'int'>
2025-01-30 21:59:02,673 Error converting key 'p_cg' with value 'None' to <class 'int'>
2025-01-30 21:59:02,673 Error converting key 'p_sho' with value 'None' to <class 'int'>
2025-01-30 21:59:02,673 Error converting key 'p_sv' with value 'None' to <class 'int'>
2025-01-30 21:59:02,673 Error converting key 'p_ip' with value 'None' to <class 'float'>
2025-01-30 21:59:02,673 Error converting key 'p_h' with value 'None' to <class 'float'>
2025-01-30 21:59:02,673 Error converting key 'p_r' with value 'None' to <class 'float'>
2025-01-30 21:59:02,673 Error converting key 'p_er' with value 'None' to <class 'float'>
2025-01-30 21:59:02,673 Error converting key 'p_hr' with value 'None' to <class 'int'>
2025-01-30 21:59:02,673 Error converting key 'p_bb' with value 'None' to <class 'int'>
2025-01-30 21:59:02,673 Error converting key 'p_ibb' with value 'None' to <class 'int'>
2025-01-30 21:59:02,673 Error converting key 'p_so' with value 'None' to <class 'int'>
2025-01-30 21:59:02,673 Error converting key 'p_hbp' with value 'None' to <class 'int'>
2025-01-30 21:59:02,673 Error converting key 'p_bk' with value 'None' to <class 'int'>
2025-01-30 21:59:02,673 Error converting key 'p_wp' with value 'None' to <class 'int'>
2025-01-30 21:59:02,673 Error converting key 'p_bfp' with value 'None' to <class 'int'>
2025-01-30 21:59:02,673 Error converting key 'p_earned_run_avg_plus' with value 'None' to <class 'int'>
2025-01-30 21:59:02,673 Error converting key 'p_fip' with value 'None' to <class 'float'>
2025-01-30 21:59:02,673 Error converting key 'p_whip' with value 'None' to <class 'float'>
2025-01-30 21:59:02,673 Error converting key 'p_hits_per_nine' with value 'None' to <class 'float'>
2025-01-30 21:59:02,673 Error converting key 'p_hr_per_nine' with value 'None' to <class 'float'>
2025-01-30 21:59:02,673 Error converting key 'p_bb_per_nine' with value 'None' to <class 'float'>
2025-01-30 21:59:02,673 Error converting key 'p_so_per_nine' with value 'None' to <class 'float'>
2025-01-30 21:59:02,673 Error converting key 'p_strikeouts_per_base_on_balls' with value 'None' to <class 'float'>
2025-01-30 21:59:02,673 Error converting key 'age' with value 'None' to <class 'int'>
2025-01-30 21:59:02,673 Error converting key 'b_war' with value 'None' to <class 'float'>
2025-01-30 21:59:02,673 Error converting key 'b_games' with value 'None' to <class 'int'>
2025-01-30 21:59:02,673 Error converting key 'b_pa' with value 'None' to <class 'int'>
2025-01-30 21:59:02,673 Error converting key 'b_ab' with value 'None' to <class 'int'>
2025-01-30 21:59:02,673 Error converting key 'b_r' with value 'None' to <class 'int'>
2025-01-30 21:59:02,673 Error converting key 'b_h' with value 'None' to <class 'int'>
2025-01-30 21:59:02,673 Error converting key 'b_doubles' with value 'None' to <class 'int'>
2025-01-30 21:59:02,689 Error converting key 'b_triples' with value 'None' to <class 'int'>
2025-01-30 21:59:02,689 Error converting key 'b_hr' with value 'None' to <class 'int'>
2025-01-30 21:59:02,689 Error converting key 'b_rbi' with value 'None' to <class 'int'>
2025-01-30 21:59:02,689 Error converting key 'b_sb' with value 'None' to <class 'int'>
2025-01-30 21:59:02,689 Error converting key 'b_cs' with value 'None' to <class 'int'>
2025-01-30 21:59:02,689 Error converting key 'b_bb' with value 'None' to <class 'int'>
2025-01-30 21:59:02,689 Error converting key 'b_so' with value 'None' to <class 'int'>
2025-01-30 21:59:02,689 Error converting key 'b_batting_avg' with value 'None' to <class 'float'>
2025-01-30 21:59:02,689 Error converting key 'b_onbase_perc' with value 'None' to <class 'float'>
2025-01-30 21:59:02,689 Error converting key 'b_slugging_perc' with value 'None' to <class 'float'>
2025-01-30 21:59:02,689 Error converting key 'b_onbase_plus_slugging' with value 'None' to <class 'float'>
2025-01-30 21:59:02,689 Error converting key 'b_onbase_plus_slugging_plus' with value 'None' to <class 'int'>
2025-01-30 21:59:02,689 Error converting key 'b_roba' with value 'None' to <class 'float'>
2025-01-30 21:59:02,689 Error converting key 'b_rbat_plus' with value 'None' to <class 'int'>
2025-01-30 21:59:02,689 Error converting key 'b_tb' with value 'None' to <class 'int'>
2025-01-30 21:59:02,689 Error converting key 'b_gidp' with value 'None' to <class 'int'>
2025-01-30 21:59:02,689 Error converting key 'b_hbp' with value 'None' to <class 'int'>
2025-01-30 21:59:02,689 Error converting key 'b_sh' with value 'None' to <class 'int'>
2025-01-30 21:59:02,689 Error converting key 'b_sf' with value 'None' to <class 'int'>
2025-01-30 21:59:02,689 Error converting key 'b_ibb' with value 'None' to <class 'int'>
2025-01-30 21:59:02,689 Error converting key 'age' with value 'None' to <class 'int'>
2025-01-30 21:59:02,689 Error converting key 'b_war' with value 'None' to <class 'float'>
2025-01-30 21:59:02,689 Error converting key 'b_games' with value 'None' to <class 'int'>
2025-01-30 21:59:02,689 Error converting key 'b_pa' with value 'None' to <class 'int'>
2025-01-30 21:59:02,689 Error converting key 'b_ab' with value 'None' to <class 'int'>
2025-01-30 21:59:02,689 Error converting key 'b_r' with value 'None' to <class 'int'>
2025-01-30 21:59:02,689 Error converting key 'b_h' with value 'None' to <class 'int'>
2025-01-30 21:59:02,689 Error converting key 'b_doubles' with value 'None' to <class 'int'>
2025-01-30 21:59:02,689 Error converting key 'b_triples' with value 'None' to <class 'int'>
2025-01-30 21:59:02,689 Error converting key 'b_hr' with value 'None' to <class 'int'>
2025-01-30 21:59:02,689 Error converting key 'b_rbi' with value 'None' to <class 'int'>
2025-01-30 21:59:02,689 Error converting key 'b_sb' with value 'None' to <class 'int'>
2025-01-30 21:59:02,689 Error converting key 'b_cs' with value 'None' to <class 'int'>
2025-01-30 21:59:02,689 Error converting key 'b_bb' with value 'None' to <class 'int'>
2025-01-30 21:59:02,689 Error converting key 'b_so' with value 'None' to <class 'int'>
2025-01-30 21:59:02,689 Error converting key 'b_batting_avg' with value 'None' to <class 'float'>
2025-01-30 21:59:02,689 Error converting key 'b_onbase_perc' with value 'None' to <class 'float'>
2025-01-30 21:59:02,689 Error converting key 'b_slugging_perc' with value 'None' to <class 'float'>
2025-01-30 21:59:02,689 Error converting key 'b_onbase_plus_slugging' with value 'None' to <class 'float'>
2025-01-30 21:59:02,689 Error converting key 'b_onbase_plus_slugging_plus' with value 'None' to <class 'int'>
2025-01-30 21:59:02,689 Error converting key 'b_roba' with value 'None' to <class 'float'>
2025-01-30 21:59:02,689 Error converting key 'b_rbat_plus' with value 'None' to <class 'int'>
2025-01-30 21:59:02,689 Error converting key 'b_tb' with value 'None' to <class 'int'>
2025-01-30 21:59:02,689 Error converting key 'b_gidp' with value 'None' to <class 'int'>
2025-01-30 21:59:02,689 Error converting key 'b_hbp' with value 'None' to <class 'int'>
2025-01-30 21:59:02,689 Error converting key 'b_sh' with value 'None' to <class 'int'>
2025-01-30 21:59:02,689 Error converting key 'b_sf' with value 'None' to <class 'int'>
2025-01-30 21:59:02,689 Error converting key 'b_ibb' with value 'None' to <class 'int'>
2025-01-30 21:59:02,689 Error converting key 'age' with value 'None' to <class 'int'>
2025-01-30 21:59:02,689 Error converting key 'p_war' with value 'None' to <class 'float'>
2025-01-30 21:59:02,689 Error converting key 'p_w' with value 'None' to <class 'int'>
2025-01-30 21:59:02,689 Error converting key 'p_l' with value 'None' to <class 'int'>
2025-01-30 21:59:02,689 Error converting key 'p_win_loss_perc' with value 'None' to <class 'float'>
2025-01-30 21:59:02,689 Error converting key 'p_earned_run_avg' with value 'None' to <class 'float'>
2025-01-30 21:59:02,689 Error converting key 'p_g' with value 'None' to <class 'int'>
2025-01-30 21:59:02,689 Error converting key 'p_gs' with value 'None' to <class 'int'>
2025-01-30 21:59:02,689 Error converting key 'p_gf' with value 'None' to <class 'int'>
2025-01-30 21:59:02,689 Error converting key 'p_cg' with value 'None' to <class 'int'>
2025-01-30 21:59:02,689 Error converting key 'p_sho' with value 'None' to <class 'int'>
2025-01-30 21:59:02,689 Error converting key 'p_sv' with value 'None' to <class 'int'>
2025-01-30 21:59:02,689 Error converting key 'p_ip' with value 'None' to <class 'float'>
2025-01-30 21:59:02,689 Error converting key 'p_h' with value 'None' to <class 'float'>
2025-01-30 21:59:02,689 Error converting key 'p_r' with value 'None' to <class 'float'>
2025-01-30 21:59:02,689 Error converting key 'p_er' with value 'None' to <class 'float'>
2025-01-30 21:59:02,689 Error converting key 'p_hr' with value 'None' to <class 'int'>
2025-01-30 21:59:02,689 Error converting key 'p_bb' with value 'None' to <class 'int'>
2025-01-30 21:59:02,689 Error converting key 'p_ibb' with value 'None' to <class 'int'>
2025-01-30 21:59:02,689 Error converting key 'p_so' with value 'None' to <class 'int'>
2025-01-30 21:59:02,689 Error converting key 'p_hbp' with value 'None' to <class 'int'>
2025-01-30 21:59:02,689 Error converting key 'p_bk' with value 'None' to <class 'int'>
2025-01-30 21:59:02,689 Error converting key 'p_wp' with value 'None' to <class 'int'>
2025-01-30 21:59:02,689 Error converting key 'p_bfp' with value 'None' to <class 'int'>
2025-01-30 21:59:02,689 Error converting key 'p_earned_run_avg_plus' with value 'None' to <class 'int'>
2025-01-30 21:59:02,689 Error converting key 'p_fip' with value 'None' to <class 'float'>
2025-01-30 21:59:02,689 Error converting key 'p_whip' with value 'None' to <class 'float'>
2025-01-30 21:59:02,689 Error converting key 'p_hits_per_nine' with value 'None' to <class 'float'>
2025-01-30 21:59:02,689 Error converting key 'p_hr_per_nine' with value 'None' to <class 'float'>
2025-01-30 21:59:02,689 Error converting key 'p_bb_per_nine' with value 'None' to <class 'float'>
2025-01-30 21:59:02,689 Error converting key 'p_so_per_nine' with value 'None' to <class 'float'>
2025-01-30 21:59:02,689 Error converting key 'p_strikeouts_per_base_on_balls' with value 'None' to <class 'float'>
2025-01-30 21:59:05,748 Data analysis complete. Files have been successfully updated.
